Arguments: 
  C:\Program Files\nodejs\node.exe C:\Users\Administrator\AppData\Roaming\npm\node_modules\yarn\bin\yarn.js

PATH: 
  C:\Windows\system32;C:\Windows;C:\Windows\System32\Wbem;C:\Windows\System32\WindowsPowerShell\v1.0\;C:\Windows\System32\OpenSSH\;C:\Program Files\nodejs\;C:\Program Files\Git\cmd;C:\Users\Administrator\AppData\Local\Microsoft\WindowsApps;C:\Users\Administrator\AppData\Local\Programs\Microsoft VS Code\bin;C:\Users\Administrator\AppData\Roaming\npm

Yarn version: 
  1.22.4

Node version: 
  14.4.0

Platform: 
  win32 x64

Trace: 
  Error: ENOENT: no such file or directory, copyfile 'C:\Users\Administrator\AppData\Local\Yarn\Cache\v6\npm-color-name-1.1.3-a7d0558bd89c42f795dd42328f740831ca53bc25-integrity\node_modules\color-name\.npmignore' -> 'D:\hbuilder\own-projects\git-demo\node_modules\@babel\highlight\node_modules\color-name\.npmignore'

npm manifest: 
  {
    "name": "git-demo",
    "version": "1.0.0",
    "description": "",
    "main": "index.js",
    "scripts": {
      "test": "echo \"Error: no test specified\" && exit 1"
    },
    "repository": {
      "type": "git",
      "url": "git+https://github.com/yanhongli/git-demo.git"
    },
    "author": "",
    "license": "ISC",
    "bugs": {
      "url": "https://github.com/yanhongli/git-demo/issues"
    },
    "homepage": "https://github.com/yanhongli/git-demo#readme",
    "devDependencies": {
      "eslint": "^7.3.1",
      "eslint-config-airbnb": "^18.2.0",
      "eslint-config-prettier": "^6.11.0",
      "eslint-config-standard": "^14.1.1",
      "eslint-formatter-pretty": "^4.0.0",
      "eslint-friendly-formatter": "^4.0.1",
      "eslint-loader": "^4.0.2",
      "eslint-plugin-compat": "^3.8.0",
      "eslint-plugin-html": "^6.0.2",
      "eslint-plugin-import": "^2.22.0",
      "eslint-plugin-node": "^11.1.0",
      "eslint-plugin-prettier": "^3.1.4",
      "eslint-plugin-promise": "^4.2.1",
      "eslint-plugin-standard": "^4.0.1",
      "eslint-plugin-vue": "^6.2.2",
      "husky": "^4.2.5",
      "lint-staged": "^10.2.11",
      "stylelint": "^13.6.1",
      "stylelint-config-prettier": "^8.0.2",
      "stylelint-config-standard": "^20.0.0",
      "stylelint-order": "^4.1.0",
      "stylelint-scss": "^3.18.0"
    },
    "husky": {
      "hooks": {
        "pre-commit": "lint-staged"
      }
    },
    "lint-staged": {
      "packages/*/src/**/*.js": [
        "prettier --write",
        "eslint --fix",
        "git add"
      ],
      "packages/*/src/**/*.vue": [
        "prettier --write",
        "stylelint --fix",
        "eslint --fix",
        "git add"
      ],
      "packages/*/src/**/*.{css,less,scss}": [
        "prettier --write",
        "stylelint --fix",
        "git add"
      ]
    }
  }

yarn manifest: 
  No manifest

Lockfile: 
  # THIS IS AN AUTOGENERATED FILE. DO NOT EDIT THIS FILE DIRECTLY.
  # yarn lockfile v1
